00008000                                     1  		ORG		$8000
00008000  2039 00008200                      2  START		MOVE.L	VAR1,D0
00008006                                     3  
00008006  1239 00008204                      4  		MOVE.B	VAR2,D1
0000800C  3439 00008204                      5  		MOVE.W	VAR2,D2
00008012  2639 00008204                      6  		MOVE.L	VAR2,D3
00008018  4203                               7  		CLR.B		D3
0000801A  4243                               8  		CLR.W		D3
0000801C  4283                               9  		CLR.L		D3
0000801E                                    10  
0000801E  3839 00008208                     11  		MOVE.W	VAR3,D4
00008024  1A04                              12  		MOVE.B	D4,D5
00008026                                    13  
00008026                                    14  
00008026  2C3C 99999999                     15  		MOVE.L	#$99999999,D6
0000802C  3C04                              16  		MOVE.W	D4,D6
0000802E  23C6 0000820A                     17  		MOVE.L	D6,VAR4
00008034                                    18  		
00008034  4286                              19  		CLR.L		D6
00008036  3C39 00008204                     20  		MOVE.W	VAR2,D6
0000803C  CC7C 00FF                         21  		AND.W		#$00FF,D6
00008040                                    22  
00008040  4E72 2700                         23  		STOP		#$2700
00008044                                    24  
00008044                                    25  *
00008200                                    26  		ORG		$8200
00008200  0000000A                          27  VAR1		DC.L 		10
00008204  11223344                          28  VAR2		DC.L 		$11223344
00008208  10ED                              29  VAR3		DC.W 		4333
0000820A                                    30  VAR4		DS.L		1
0000820E                                    31  		END		START

No errors detected
No warnings generated
