00000000                                     1  *  Esercizio 5
00000000                                     2  *
00000000                                     3  *  Scrivere un programma che converta una stringa in maiuscolo, sottraendo 32 al codice ASCII delle lettere 
00000000                                     4  *  minuscole.
00000000                                     5  *  La stringa sia terminata da uno zero.
00000000                                     6  *
00000000                                     7  *  Si provi il programma con la stringa 'Oggi, 6 Maggio'
00000000                                     8  *
00000000                                     9  
00000000                                    10  
00000000                                    11  
00008000                                    12  		ORG		$8000
00008000  207C 00008800                     13  INIZIO		MOVE.L	#STRINGA,A0		Mette l'indirizzo della stringa in A0
00008006  4A10                              14  CICLO		TST.B		(A0)			Legge il carattere corrente
00008008  6700 001C                         15  		BEQ		FINECICLO		Se e' il terminatore esce dal ciclo
0000800C  0C10 0061                         16  		CMP.B		#'a',(A0)		Se e' minore 'a', non convertire
00008010  6500 000E                         17  		BLO		NONCONV
00008014  0C10 007A                         18  		CMP.B		#'z',(A0)		Se e' maggiore di 'z', non convertire
00008018  6200 0006                         19  		BHI		NONCONV	
0000801C  0410 0020                         20  		SUB.B		#32,(A0)		Converte il valore
00008020  D0FC 0001                         21  NONCONV	ADDA		#1,A0			Incrementa il puntatore
00008024  60E0                              22  		BRA		CICLO			   e ricomincia il ciclo
00008026  4E72 2000                         23  FINECICLO	STOP		#$2000		Termina l'esecuzione
0000802A                                    24  
0000802A                                    25  
0000802A                                    26  *
0000802A                                    27  * Dichiarazione delle variabili
0000802A                                    28  *
00008800                                    29  		ORG		$8800
00008800  4F 67 67 69 2C 20 36 20 4D ...    30  STRINGA	DC.B		'Oggi, 6 Maggio'
0000880E                                    31  
0000880E                                    32  
0000880E                                    33  
0000880E                                    34  		END		INIZIO

No errors detected
No warnings generated
